   1: if false or true and false then x:=y
┌────────────────────────┐
│                        │
│    Lexical Analysis    │
│                        │
└────────────────────────┘
Type: IF 
Type: FALSE 
Type: OR 
Type: TRUE 
Type: AND 
Type: FALSE 
Type: THEN 
Type: ID Value: x 
Type: ASSIGNMENT 
Type: ID Value: y 
Type: EOFT 
┌────────────────────────┐
│                        │
│     Syntax Analysis    │
│                        │
└────────────────────────┘
>>>>>>>>>>>>>>>>>>>>>>>>>>Success<<<<<<<<<<<<<<<<<<<<<<<
1: {S,} -> {C,} {S,} 
3: {S,} -> {A,} 
8: {A,} -> {ID,x} {ASSIGNMENT,} {E,} 
13: {E,} -> {ID,y} 
4: {C,} -> {IF,} {B,} {THEN,} 
14: {B,} -> {B,} {OR,} {B,} 
15: {B,} -> {B,} {AND,} {B,} 
20: {B,} -> {FALSE,} 
19: {B,} -> {TRUE,} 
20: {B,} -> {FALSE,} 
┌────────────────────────┐
│                        │
│  Abstract Syntax Tree  │
│                        │
└────────────────────────┘
Leaves:
IF FALSE OR TRUE AND FALSE THEN x ASSIGNMENT y 
Nodes:
{Type: S id: 1} 
{Type: C id: 4} {Type: S id: 3} 
{Type: IF id: -1} {Type: B id: 14} {Type: THEN id: -1} {Type: A id: 8} 
{Type: B id: 20} {Type: OR id: -1} {Type: B id: 15} {Type: ID Value: x id: -1} {Type: ASSIGNMENT id: -1} {Type: E id: 13} 
{Type: FALSE id: -1} {Type: B id: 19} {Type: AND id: -1} {Type: B id: 20} {Type: ID Value: y id: -1} 
{Type: TRUE id: -1} {Type: FALSE id: -1} 
┌──────────────────────────────┐
│                              │
│ Intermediate Code Generation │
│                              │
└──────────────────────────────┘
0: (and, true, false, $t1)
1: (or, false, $t1, $t2)
2: (j=, $t2, true, 4)
3: (j, _, _, 6)
4: (=, y, _, $t3)
5: (:=, $t3, _, x)
